This is pdfTeX, Version 3.141592653-2.6-1.40.25 (TeX Live 2023) (preloaded format=pdflatex 2023.9.2)  2 JUL 2024 17:31
entering extended mode
 restricted \write18 enabled.
 file:line:error style messages enabled.
 %&-line parsing enabled.
**goswami-research-statement.tex
(./goswami-research-statement.tex
LaTeX2e <2022-11-01> patch level 1
L3 programming layer <2023-02-22> (/usr/local/texlive/2023/texmf-dist/tex/latex/base/article.cls
Document Class: article 2022/07/02 v1.4n Standard LaTeX document class
(/usr/local/texlive/2023/texmf-dist/tex/latex/base/size10.clo
File: size10.clo 2022/07/02 v1.4n Standard LaTeX file (size option)
)
\c@part=\count185
\c@section=\count186
\c@subsection=\count187
\c@subsubsection=\count188
\c@paragraph=\count189
\c@subparagraph=\count190
\c@figure=\count191
\c@table=\count192
\abovecaptionskip=\skip48
\belowcaptionskip=\skip49
\bibindent=\dimen140
) (/usr/local/texlive/2023/texmf-dist/tex/latex/tools/multicol.sty
Package: multicol 2021/11/30 v1.9d multicolumn formatting (FMi)
\c@tracingmulticols=\count193
\mult@box=\box51
\multicol@leftmargin=\dimen141
\c@unbalance=\count194
\c@collectmore=\count195
\doublecol@number=\count196
\multicoltolerance=\count197
\multicolpretolerance=\count198
\full@width=\dimen142
\page@free=\dimen143
\premulticols=\dimen144
\postmulticols=\dimen145
\multicolsep=\skip50
\multicolbaselineskip=\skip51
\partial@page=\box52
\last@line=\box53
\maxbalancingoverflow=\dimen146
\mult@rightbox=\box54
\mult@grightbox=\box55
\mult@firstbox=\box56
\mult@gfirstbox=\box57
\@tempa=\box58
\@tempa=\box59
\@tempa=\box60
\@tempa=\box61
\@tempa=\box62
\@tempa=\box63
\@tempa=\box64
\@tempa=\box65
\@tempa=\box66
\@tempa=\box67
\@tempa=\box68
\@tempa=\box69
\@tempa=\box70
\@tempa=\box71
\@tempa=\box72
\@tempa=\box73
\@tempa=\box74
\@tempa=\box75
\@tempa=\box76
\@tempa=\box77
\@tempa=\box78
\@tempa=\box79
\@tempa=\box80
\@tempa=\box81
\@tempa=\box82
\@tempa=\box83
\@tempa=\box84
\@tempa=\box85
\@tempa=\box86
\@tempa=\box87
\@tempa=\box88
\@tempa=\box89
\@tempa=\box90
\@tempa=\box91
\@tempa=\box92
\@tempa=\box93
\c@minrows=\count199
\c@columnbadness=\count266
\c@finalcolumnbadness=\count267
\last@try=\dimen147
\multicolovershoot=\dimen148
\multicolundershoot=\dimen149
\mult@nat@firstbox=\box94
\colbreak@box=\box95
\mc@col@check@num=\count268
) (/usr/local/texlive/2023/texmf-dist/tex/latex/url/url.sty
\Urlmuskip=\muskip16
Package: url 2013/09/16  ver 3.4  Verb mode for urls, etc.
) (/usr/local/texlive/2023/texmf-dist/tex/latex/l3backend/l3backend-pdftex.def
File: l3backend-pdftex.def 2023-01-16 L3 backend support: PDF output (pdfTeX)
\l__color_backend_stack_int=\count269
\l__pdf_internal_box=\box96
) (./goswami-research-statement.aux)
\openout1 = `goswami-research-statement.aux'.

LaTeX Font Info:    Checking defaults for OML/cmm/m/it on input line 5.
LaTeX Font Info:    ... okay on input line 5.
LaTeX Font Info:    Checking defaults for OMS/cmsy/m/n on input line 5.
LaTeX Font Info:    ... okay on input line 5.
LaTeX Font Info:    Checking defaults for OT1/cmr/m/n on input line 5.
LaTeX Font Info:    ... okay on input line 5.
LaTeX Font Info:    Checking defaults for T1/cmr/m/n on input line 5.
LaTeX Font Info:    ... okay on input line 5.
LaTeX Font Info:    Checking defaults for TS1/cmr/m/n on input line 5.
LaTeX Font Info:    ... okay on input line 5.
LaTeX Font Info:    Checking defaults for OMX/cmex/m/n on input line 5.
LaTeX Font Info:    ... okay on input line 5.
LaTeX Font Info:    Checking defaults for U/cmr/m/n on input line 5.
LaTeX Font Info:    ... okay on input line 5.
LaTeX Font Info:    External font `cmex10' loaded for size
(Font)              <12> on input line 6.
LaTeX Font Info:    External font `cmex10' loaded for size
(Font)              <8> on input line 6.
LaTeX Font Info:    External font `cmex10' loaded for size
(Font)              <6> on input line 6.


LaTeX Warning: No \author given.


Underfull \hbox (badness 5022) in paragraph at lines 19--20
[]\OT1/cmr/m/n/10 The oral mi-cro-biome is yet
 []


Underfull \hbox (badness 10000) in paragraph at lines 21--22
[]\OT1/cmr/m/n/10 Large, ro-bust, and ma-ture
 []


Underfull \hbox (badness 10000) in paragraph at lines 23--23
[]\OT1/cmr/bx/n/14.4 Machine Learn-ing
 []

[1

{/usr/local/texlive/2023/texmf-var/fonts/map/pdftex/updmap/pdftex.map}]
LaTeX Font Info:    Font shape `OT1/cmtt/bx/n' in size <12> not available
(Font)              Font shape `OT1/cmtt/m/n' tried instead on input line 25.
LaTeX Font Info:    External font `cmex10' loaded for size
(Font)              <7> on input line 26.
LaTeX Font Info:    External font `cmex10' loaded for size
(Font)              <5> on input line 26.

Underfull \hbox (badness 10000) in paragraph at lines 43--43
[]\OT1/cmr/bx/n/14.4 Objective of Re-
 []

(./goswami-research-statement.bbl
Underfull \hbox (badness 5578) in paragraph at lines 9--13
\OT1/cmr/m/n/10 Mi-crobes in the Patho-gen-e-sis
 []


Underfull \hbox (badness 10000) in paragraph at lines 9--13
\OT1/cmr/m/n/10 of Neu-ropsy-chi-atric Dis-or-ders.
 []


Underfull \hbox (badness 10000) in paragraph at lines 9--13
\OT1/cmr/m/it/10 Front Neu-roen-docrinol \OT1/cmr/bx/n/10 62\OT1/cmr/m/n/10 ,
 []


Underfull \hbox (badness 10000) in paragraph at lines 9--13
\OT1/cmtt/m/n/10 / / www . ncbi . nlm . nih . gov / pmc /
 []

[2]
Underfull \hbox (badness 10000) in paragraph at lines 20--24
\OT1/cmr/m/n/10 gut mi-cro-biota in neu-ropsy-
 []


Underfull \hbox (badness 10000) in paragraph at lines 20--24
\OT1/cmr/m/n/10 an atlas-based on quan-ti-fied
 []


Underfull \hbox (badness 5036) in paragraph at lines 20--24
\OT1/cmr/m/n/10 (2022).  URL $\OT1/cmtt/m/n/10 https : / / www .
 []


Underfull \hbox (badness 10000) in paragraph at lines 20--24
\OT1/cmtt/m/n/10 frontiersin . org / journals /
 []


Overfull \hbox (43.55396pt too wide) in paragraph at lines 20--24
\OT1/cmtt/m/n/10 cellular-[]and-[]infection-[]microbiology /
 []


Underfull \hbox (badness 10000) in paragraph at lines 20--24
\OT1/cmtt/m/n/10 articles / 10 . 3389 / fcimb .
 []


Underfull \hbox (badness 10000) in paragraph at lines 26--31
[]\OT1/cmr/m/n/10 Bull-Larsen, S. & Mo-ha-jeri,
 []


Underfull \hbox (badness 5147) in paragraph at lines 26--31
\OT1/cmr/m/n/10 ence of the Bac-te-rial Mi-cro-
 []


Underfull \hbox (badness 10000) in paragraph at lines 26--31
\OT1/cmtt/m/n/10 / / www . ncbi . nlm . nih . gov / pmc /
 []


Underfull \hbox (badness 10000) in paragraph at lines 33--37
[]\OT1/cmr/m/n/10 Tomova, A. \OT1/cmr/m/it/10 et al.  \OT1/cmr/m/n/10 Gas-
 []


Underfull \hbox (badness 10000) in paragraph at lines 33--37
\OT1/cmr/m/n/10 troin-testi-nal mi-cro-biota in
 []


Underfull \hbox (badness 6284) in paragraph at lines 33--37
\OT1/cmr/m/n/10 chil-dren with autism in slo-
 []


Underfull \hbox (badness 10000) in paragraph at lines 33--37
\OT1/cmtt/m/n/10 https : / / www . sciencedirect .
 []


Underfull \hbox (badness 10000) in paragraph at lines 33--37
\OT1/cmtt/m/n/10 com / science / article / pii /
 []


Underfull \hbox (badness 6094) in paragraph at lines 39--44
\OT1/cmr/m/it/10 ma-col-ogy \OT1/cmr/bx/n/10 16 \OT1/cmr/m/n/10 (2018).  URL
 []


Underfull \hbox (badness 10000) in paragraph at lines 39--44
\OT1/cmtt/m/n/10 https : / / pubmed . ncbi . nlm .
 []


Underfull \hbox (badness 7486) in paragraph at lines 46--49
\OT1/cmr/m/n/10 Brain Axis on Cog-ni-tion in
 []


Underfull \hbox (badness 5245) in paragraph at lines 51--54
[]\OT1/cmr/m/n/10 Sorboni, S. G., Moghad-dam,
 []


Underfull \hbox (badness 5105) in paragraph at lines 61--64
[]\OT1/cmr/m/n/10 Bowland, G. B. & Weyrich,
 []


Underfull \hbox (badness 10000) in paragraph at lines 66--71
\OT1/cmr/m/n/10 axis in aroma re-lease and
 []


Underfull \hbox (badness 10000) in paragraph at lines 66--71
\OT1/cmr/m/n/10 per-cep-tion.  \OT1/cmr/m/it/10 Com-pre-hen-sive
 []


Underfull \hbox (badness 7415) in paragraph at lines 66--71
\OT1/cmr/m/n/10 URL $\OT1/cmtt/m/n/10 https : / / onlinelibrary .
 []


Underfull \hbox (badness 10000) in paragraph at lines 66--71
\OT1/cmtt/m/n/10 wiley . com / doi / abs / 10 . 1111 /
 []


Underfull \hbox (badness 10000) in paragraph at lines 66--71
\OT1/cmtt/m/n/10 1541-[]4337 . 13303$\OT1/cmr/m/n/10 .  []eprint:
 []


Overfull \hbox (91.77846pt too wide) in paragraph at lines 66--71
\OT1/cmr/m/n/10 https://onlinelibrary.wiley.com/doi/pdf/10.1111/1541-
 []

[3]
Underfull \hbox (badness 10000) in paragraph at lines 73--78
\OT1/cmtt/m/n/10 ncbi . nlm . nih . gov / 33260581/$\OT1/cmr/m/n/10 .
 []


Underfull \hbox (badness 10000) in paragraph at lines 80--85
\OT1/cmr/m/n/10 Oral Mi-cro-biome Database:
 []


Underfull \hbox (badness 5036) in paragraph at lines 80--85
\OT1/cmr/m/n/10 (2010).  URL $\OT1/cmtt/m/n/10 https : / / doi .
 []


Underfull \hbox (badness 10000) in paragraph at lines 80--85
\OT1/cmtt/m/n/10 org / 10 . 1093 / database / baq013$\OT1/cmr/m/n/10 .
 []


Underfull \hbox (badness 10000) in paragraph at lines 80--85
\OT1/cmtt/m/n/10 https : / / academic . oup . com /
 []


Underfull \hbox (badness 10000) in paragraph at lines 80--85
\OT1/cmtt/m/n/10 database / article-[]pdf / doi /
 []


Underfull \hbox (badness 10000) in paragraph at lines 80--85
\OT1/cmtt/m/n/10 10 . 1093 / database / baq013 /
 []


Underfull \hbox (badness 6641) in paragraph at lines 87--92
\OT1/cmr/m/it/10 Mi-cro-biomes \OT1/cmr/bx/n/10 9\OT1/cmr/m/n/10 , 1--13 (2023).
 []


Underfull \hbox (badness 10000) in paragraph at lines 87--92
\OT1/cmtt/m/n/10 articles / s41522-[]023-[]00414-[]3$\OT1/cmr/m/n/10 .
 []


Underfull \hbox (badness 5008) in paragraph at lines 87--92
\OT1/cmr/m/n/10 Pub-lisher: Na-ture Pub-lish-ing
 []


Underfull \hbox (badness 10000) in paragraph at lines 94--96
\OT1/cmr/m/n/10 po-si-tion Data from UAE
 []


Underfull \hbox (badness 5359) in paragraph at lines 94--96
\OT1/cmr/m/n/10 Healthy Fu-ture Study (UAE-
 []


Underfull \hbox (badness 10000) in paragraph at lines 94--96
\OT1/cmtt/m/n/10 https : / / datacatalog . med .
 []

LaTeX Font Info:    Trying to load font information for OMS+cmr on input line 98.
(/usr/local/texlive/2023/texmf-dist/tex/latex/base/omscmr.fd
File: omscmr.fd 2022/07/10 v2.5l Standard LaTeX font definitions
)
LaTeX Font Info:    Font shape `OMS/cmr/m/n' in size <10> not available
(Font)              Font shape `OMS/cmsy/m/n' tried instead on input line 98.


./goswami-research-statement.bbl:103: LaTeX Error: Unicode character Î± (U+03B1)
               not set up for use with LaTeX.

See the LaTeX manual or LaTeX Companion for explanation.
Type  H <return>  for immediate help.
 ...                                              
                                                  
l.103 ...ts gut microbiome Î±-diversity in humans}
                                                  .
You may provide a definition with
\DeclareUnicodeCharacter 


Underfull \hbox (badness 10000) in paragraph at lines 102--107
\OT1/cmtt/m/n/10 articles / s41587-[]019-[]0233-[]9$\OT1/cmr/m/n/10 .
 []


Underfull \hbox (badness 5008) in paragraph at lines 102--107
\OT1/cmr/m/n/10 Pub-lisher: Na-ture Pub-lish-ing
 []


Underfull \hbox (badness 6876) in paragraph at lines 109--113
\OT1/cmr/m/n/10 be-tween the oral mi-cro-biome
 []


Underfull \hbox (badness 10000) in paragraph at lines 109--113
\OT1/cmr/m/n/10 and anx-i-ety and de-pres-sion
 []


Underfull \hbox (badness 10000) in paragraph at lines 109--113
\OT1/cmtt/m/n/10 / / www . ncbi . nlm . nih . gov / pmc /
 []


./goswami-research-statement.bbl:115: LaTeX Error: Invalid UTF-8 byte sequence (Ã.).

See the LaTeX manual or LaTeX Companion for explanation.
Type  H <return>  for immediate help.
 ...                                              
                                                  
l.115 \bibinfo{author}{Arik, S.~Ã.}
                                    \& \bibinfo{author}{Pfister, T.}
The document does not appear to be in UTF-8 encoding.
Try adding \UseRawInputEncoding as the first line of the file
or specify an encoding such as \usepackage [latin1]{inputenc}
in the document preamble.
Alternatively, save the file in UTF-8 using your editor or another tool


Underfull \hbox (badness 10000) in paragraph at lines 115--119
\OT1/cmr/m/n/10 Net: At-ten-tive In-ter-pretable
 []


Underfull \hbox (badness 10000) in paragraph at lines 115--119
\OT1/cmr/m/n/10 Tab-u-lar Learn-ing.  \OT1/cmr/m/it/10 AAAI
 []


Underfull \hbox (badness 10000) in paragraph at lines 115--119
\OT1/cmtt/m/n/10 https : / / ojs . aaai . org / index .
 []


Underfull \hbox (badness 10000) in paragraph at lines 121--125
\OT1/cmr/m/it/10 in Neu-ral In-for-ma-tion Pro-
 []


Underfull \hbox (badness 10000) in paragraph at lines 121--125
\OT1/cmr/m/n/10 ran As-so-ciates, Inc., 2017).
 []


Underfull \hbox (badness 10000) in paragraph at lines 121--125
\OT1/cmr/m/n/10 URL $\OT1/cmtt/m/n/10 https : / / proceedings .
 []


Underfull \hbox (badness 10000) in paragraph at lines 121--125
\OT1/cmtt/m/n/10 neurips . cc / paper _
 []


Underfull \hbox (badness 10000) in paragraph at lines 121--125
\OT1/cmtt/m/n/10 files / paper / 2017 / hash /
 []


Overfull \hbox (74.05368pt too wide) in paragraph at lines 121--125
\OT1/cmtt/m/n/10 3f5ee243547dee91fbd053c1c4a845aa-[]Abstract .
 []


Underfull \hbox (badness 10000) in paragraph at lines 132--135
[]\OT1/cmr/m/n/10 Hollmann, N., M^^?uller, S.,
 []


Underfull \hbox (badness 5359) in paragraph at lines 132--135
\OT1/cmr/m/n/10 Tabpfn: A trans-former that
 []


Underfull \hbox (badness 6608) in paragraph at lines 137--141
\OT1/cmr/m/n/10 C. B., Do, K.-A. & Jenq,
 []


Underfull \hbox (badness 7704) in paragraph at lines 137--141
\OT1/cmr/m/n/10 R. R.  Per-for-mance de-ter-
 []


Underfull \hbox (badness 8000) in paragraph at lines 137--141
\OT1/cmr/m/n/10 data.  \OT1/cmr/m/it/10 Mi-cro-biome \OT1/cmr/bx/n/10 10\OT1/cmr/m/n/10 , 25
 []

[4]) [5] (./goswami-research-statement.aux) ) 
Here is how much of TeX's memory you used:
 749 strings out of 476025
 13562 string characters out of 5790018
 1862388 words of memory out of 5000000
 21255 multiletter control sequences out of 15000+600000
 517225 words of font info for 49 fonts, out of 8000000 for 9000
 1141 hyphenation exceptions out of 8191
 34i,6n,38p,625b,433s stack positions out of 10000i,1000n,20000p,200000b,200000s
</usr/local/texlive/2023/texmf-dist/fonts/type1/public/amsfonts/cm/cmbx10.pfb></usr/local/texlive/2023/texmf-dist/fonts/type1/public/amsfonts/cm/cmbx12.pfb></usr/local/texlive/2023/texmf-dist/fonts/type1/public/amsfonts/cm/cmmi10.pfb></usr/local/texlive/2023/texmf-dist/fonts/type1/public/amsfonts/cm/cmr10.pfb></usr/local/texlive/2023/texmf-dist/fonts/type1/public/amsfonts/cm/cmr12.pfb></usr/local/texlive/2023/texmf-dist/fonts/type1/public/amsfonts/cm/cmr17.pfb></usr/local/texlive/2023/texmf-dist/fonts/type1/public/amsfonts/cm/cmsy10.pfb></usr/local/texlive/2023/texmf-dist/fonts/type1/public/amsfonts/cm/cmti10.pfb></usr/local/texlive/2023/texmf-dist/fonts/type1/public/amsfonts/cm/cmtt10.pfb></usr/local/texlive/2023/texmf-dist/fonts/type1/public/amsfonts/cm/cmtt12.pfb>
Output written on goswami-research-statement.pdf (5 pages, 141649 bytes).
PDF statistics:
 70 PDF objects out of 1000 (max. 8388607)
 42 compressed objects within 1 object stream
 0 named destinations out of 1000 (max. 500000)
 1 words of extra memory for PDF output out of 10000 (max. 10000000)

